<?xml version="1.0" encoding="UTF-8"?>
<!-- Generated by org.testng.reporters.JUnitReportReporter -->
<testsuite skipped="0" hostname="WL361750" name="testNGMaven.FirstTestNGProject" tests="1" failures="0" timestamp="16 Jan 2020 16:08:44 GMT" time="14.676" errors="0">
  <testcase name="test" time="14.676" classname="testNGMaven.FirstTestNGProject"/>
</testsuite> <!-- testNGMaven.FirstTestNGProject -->
