<?xml version="1.0" encoding="UTF-8"?>
<!-- Generated by org.testng.reporters.JUnitReportReporter -->
<testsuite skipped="0" hostname="WL361750" name="testNGMaven.SecondTestNGProject" tests="1" failures="0" timestamp="03 Feb 2020 12:23:31 GMT" time="9.853" errors="0">
  <testcase name="test" time="9.853" classname="testNGMaven.SecondTestNGProject"/>
</testsuite> <!-- testNGMaven.SecondTestNGProject -->
